# JRE version: Java(TM) SE Runtime Environment (8.0_111-b14) (build 1.8.0_111-b14)
# Java VM: Java HotSpot(TM) 64-Bit Server VM (25.111-b14 mixed mode linux-amd64 compressed oops)
Heap:
 PSYoungGen      total 596992K, used 0K [0x00000000d6500000, 0x0000000100000000, 0x0000000100000000)
  eden space 550912K, 0% used [0x00000000d6500000,0x00000000d6500000,0x00000000f7f00000)
  from space 46080K, 0% used [0x00000000fd300000,0x00000000fd300000,0x0000000100000000)
  to   space 66048K, 0% used [0x00000000f7f00000,0x00000000f7f00000,0x00000000fbf80000)
 ParOldGen       total 94720K, used 81456K [0x0000000082e00000, 0x0000000088a80000, 0x00000000d6500000)
  object space 94720K, 85% used [0x0000000082e00000,0x0000000087d8c378,0x0000000088a80000)
 Metaspace       used 20971K, capacity 21208K, committed 21296K, reserved 1067008K
  class space    used 2802K, capacity 2840K, committed 2864K, reserved 1048576K
GC Heap History (10 events):
Event: 6.197 GC heap after
Heap after GC invocations=12 (full 0):
 PSYoungGen      total 646144K, used 18555K [0x00000000d6500000, 0x0000000100000000, 0x0000000100000000)
  eden space 608256K, 0% used [0x00000000d6500000,0x00000000d6500000,0x00000000fb700000)
  from space 37888K, 48% used [0x00000000fdb00000,0x00000000fed1efa8,0x0000000100000000)
  to   space 36864K, 0% used [0x00000000fb700000,0x00000000fb700000,0x00000000fdb00000)
 ParOldGen       total 86016K, used 54066K [0x0000000082e00000, 0x0000000088200000, 0x00000000d6500000)
  object space 86016K, 62% used [0x0000000082e00000,0x00000000862cc908,0x0000000088200000)
 Metaspace       used 13577K, capacity 13878K, committed 14080K, reserved 1060864K
  class space    used 1624K, capacity 1679K, committed 1792K, reserved 1048576K
}
Event: 9.112 GC heap before
{Heap before GC invocations=13 (full 0):
 PSYoungGen      total 646144K, used 626811K [0x00000000d6500000, 0x0000000100000000, 0x0000000100000000)
  eden space 608256K, 100% used [0x00000000d6500000,0x00000000fb700000,0x00000000fb700000)
  from space 37888K, 48% used [0x00000000fdb00000,0x00000000fed1efa8,0x0000000100000000)
  to   space 36864K, 0% used [0x00000000fb700000,0x00000000fb700000,0x00000000fdb00000)
 ParOldGen       total 86016K, used 54066K [0x0000000082e00000, 0x0000000088200000, 0x00000000d6500000)
  object space 86016K, 62% used [0x0000000082e00000,0x00000000862cc908,0x0000000088200000)
 Metaspace       used 13789K, capacity 14102K, committed 14336K, reserved 1062912K
  class space    used 1669K, capacity 1711K, committed 1792K, reserved 1048576K
Event: 9.206 GC heap after
Heap after GC invocations=13 (full 0):
 PSYoungGen      total 645120K, used 36856K [0x00000000d6500000, 0x0000000100000000, 0x0000000100000000)
  eden space 608256K, 0% used [0x00000000d6500000,0x00000000d6500000,0x00000000fb700000)
  from space 36864K, 99% used [0x00000000fb700000,0x00000000fdafe390,0x00000000fdb00000)
  to   space 37888K, 0% used [0x00000000fdb00000,0x00000000fdb00000,0x0000000100000000)
 ParOldGen       total 86016K, used 60548K [0x0000000082e00000, 0x0000000088200000, 0x00000000d6500000)
  object space 86016K, 70% used [0x0000000082e00000,0x0000000086921380,0x0000000088200000)
 Metaspace       used 13789K, capacity 14102K, committed 14336K, reserved 1062912K
  class space    used 1669K, capacity 1711K, committed 1792K, reserved 1048576K
}
Event: 11.053 GC heap before
{Heap before GC invocations=14 (full 0):
 PSYoungGen      total 645120K, used 645112K [0x00000000d6500000, 0x0000000100000000, 0x0000000100000000)
  eden space 608256K, 100% used [0x00000000d6500000,0x00000000fb700000,0x00000000fb700000)
  from space 36864K, 99% used [0x00000000fb700000,0x00000000fdafe390,0x00000000fdb00000)
  to   space 37888K, 0% used [0x00000000fdb00000,0x00000000fdb00000,0x0000000100000000)
 ParOldGen       total 86016K, used 60548K [0x0000000082e00000, 0x0000000088200000, 0x00000000d6500000)
  object space 86016K, 70% used [0x0000000082e00000,0x0000000086921380,0x0000000088200000)
 Metaspace       used 14517K, capacity 14780K, committed 14976K, reserved 1062912K
  class space    used 1818K, capacity 1872K, committed 1920K, reserved 1048576K
Event: 11.105 GC heap after
Heap after GC invocations=14 (full 0):
 PSYoungGen      total 626688K, used 29748K [0x00000000d6500000, 0x0000000100000000, 0x0000000100000000)
  eden space 588800K, 0% used [0x00000000d6500000,0x00000000d6500000,0x00000000fa400000)
  from space 37888K, 78% used [0x00000000fdb00000,0x00000000ff80d348,0x0000000100000000)
  to   space 47104K, 0% used [0x00000000fa400000,0x00000000fa400000,0x00000000fd200000)
 ParOldGen       total 86016K, used 60780K [0x0000000082e00000, 0x0000000088200000, 0x00000000d6500000)
  object space 86016K, 70% used [0x0000000082e00000,0x000000008695b030,0x0000000088200000)
 Metaspace       used 14517K, capacity 14780K, committed 14976K, reserved 1062912K
  class space    used 1818K, capacity 1872K, committed 1920K, reserved 1048576K
}
Event: 14.243 GC heap before
{Heap before GC invocations=15 (full 0):
 PSYoungGen      total 626688K, used 618548K [0x00000000d6500000, 0x0000000100000000, 0x0000000100000000)
  eden space 588800K, 100% used [0x00000000d6500000,0x00000000fa400000,0x00000000fa400000)
  from space 37888K, 78% used [0x00000000fdb00000,0x00000000ff80d348,0x0000000100000000)
  to   space 47104K, 0% used [0x00000000fa400000,0x00000000fa400000,0x00000000fd200000)
 ParOldGen       total 86016K, used 60780K [0x0000000082e00000, 0x0000000088200000, 0x00000000d6500000)
  object space 86016K, 70% used [0x0000000082e00000,0x000000008695b030,0x0000000088200000)
 Metaspace       used 16693K, capacity 16966K, committed 17152K, reserved 1064960K
  class space    used 2196K, capacity 2261K, committed 2304K, reserved 1048576K
Event: 14.268 GC heap after
Heap after GC invocations=15 (full 0):
 PSYoungGen      total 635904K, used 8766K [0x00000000d6500000, 0x0000000100000000, 0x0000000100000000)
  eden space 588800K, 0% used [0x00000000d6500000,0x00000000d6500000,0x00000000fa400000)
  from space 47104K, 18% used [0x00000000fa400000,0x00000000fac8f910,0x00000000fd200000)
  to   space 46080K, 0% used [0x00000000fd300000,0x00000000fd300000,0x0000000100000000)
 ParOldGen       total 86016K, used 61020K [0x0000000082e00000, 0x0000000088200000, 0x00000000d6500000)
  object space 86016K, 70% used [0x0000000082e00000,0x0000000086997050,0x0000000088200000)
 Metaspace       used 16693K, capacity 16966K, committed 17152K, reserved 1064960K
  class space    used 2196K, capacity 2261K, committed 2304K, reserved 1048576K
}
Event: 17.392 GC heap before
{Heap before GC invocations=16 (full 0):
 PSYoungGen      total 635904K, used 491771K [0x00000000d6500000, 0x0000000100000000, 0x0000000100000000)
  eden space 588800K, 82% used [0x00000000d6500000,0x00000000f3caf388,0x00000000fa400000)
  from space 47104K, 18% used [0x00000000fa400000,0x00000000fac8f910,0x00000000fd200000)
  to   space 46080K, 0% used [0x00000000fd300000,0x00000000fd300000,0x0000000100000000)
 ParOldGen       total 86016K, used 61020K [0x0000000082e00000, 0x0000000088200000, 0x00000000d6500000)
  object space 86016K, 70% used [0x0000000082e00000,0x0000000086997050,0x0000000088200000)
 Metaspace       used 20971K, capacity 21208K, committed 21296K, reserved 1067008K
  class space    used 2802K, capacity 2840K, committed 2864K, reserved 1048576K
Event: 17.683 GC heap after
Heap after GC invocations=16 (full 0):
 PSYoungGen      total 596992K, used 46079K [0x00000000d6500000, 0x0000000100000000, 0x0000000100000000)
  eden space 550912K, 0% used [0x00000000d6500000,0x00000000d6500000,0x00000000f7f00000)
  from space 46080K, 99% used [0x00000000fd300000,0x00000000fffffe90,0x0000000100000000)
  to   space 66048K, 0% used [0x00000000f7f00000,0x00000000f7f00000,0x00000000fbf80000)
 ParOldGen       total 94720K, used 94360K [0x0000000082e00000, 0x0000000088a80000, 0x00000000d6500000)
  object space 94720K, 99% used [0x0000000082e00000,0x0000000088a26200,0x0000000088a80000)
 Metaspace       used 20971K, capacity 21208K, committed 21296K, reserved 1067008K
  class space    used 2802K, capacity 2840K, committed 2864K, reserved 1048576K
}
Event: 17.687 GC heap before
{Heap before GC invocations=17 (full 1):
 PSYoungGen      total 596992K, used 46079K [0x00000000d6500000, 0x0000000100000000, 0x0000000100000000)
  eden space 550912K, 0% used [0x00000000d6500000,0x00000000d6500000,0x00000000f7f00000)
  from space 46080K, 99% used [0x00000000fd300000,0x00000000fffffe90,0x0000000100000000)
  to   space 66048K, 0% used [0x00000000f7f00000,0x00000000f7f00000,0x00000000fbf80000)
 ParOldGen       total 94720K, used 94360K [0x0000000082e00000, 0x0000000088a80000, 0x00000000d6500000)
  object space 94720K, 99% used [0x0000000082e00000,0x0000000088a26200,0x0000000088a80000)
 Metaspace       used 20971K, capacity 21208K, committed 21296K, reserved 1067008K
  class space    used 2802K, capacity 2840K, committed 2864K, reserved 1048576K

